<?xml version="1.0" encoding="UTF-8"?>
<Site BuildName="Linux-g++"
	BuildStamp="20231203-0439-Experimental"
	Name="nydus"
	Generator="ctest-3.22.1"
	CompilerName="/usr/bin/g++"
	CompilerVersion="11.4.0"
	OSName="Linux"
	Hostname="nydus"
	OSRelease="6.1.0-1026-oem"
	OSVersion="#26-Ubuntu SMP PREEMPT_DYNAMIC Wed Nov  1 14:06:23 UTC 2023"
	OSPlatform="x86_64"
	Is64Bits="1"
	VendorString="GenuineIntel"
	VendorID="Intel Corporation"
	FamilyID="6"
	ModelID="186"
	ProcessorCacheSize="24576"
	NumberOfLogicalCPU="20"
	NumberOfPhysicalCPU="14"
	TotalVirtualMemory="2047"
	TotalPhysicalMemory="31700"
	LogicalProcessorsPerPhysical="1"
	ProcessorClockFrequency="3068.41"
	>
	<Testing>
		<StartDateTime>Dec 03 14:31 EST</StartDateTime>
		<StartTestTime>1701631891</StartTestTime>
		<TestList/>
		<EndDateTime>Dec 03 14:31 EST</EndDateTime>
		<EndTestTime>1701631891</EndTestTime>
		<ElapsedMinutes>0</ElapsedMinutes>
	</Testing>
</Site>
