<?xml version="1.0" encoding="UTF-8"?>
<Site BuildName="Linux-g++"
	BuildStamp="20231210-1513-Experimental"
	Name="nydus"
	Generator="ctest-3.22.1"
	CompilerName="/usr/bin/g++"
	CompilerVersion="11.4.0"
	OSName="Linux"
	Hostname="nydus"
	OSRelease="6.1.0-1027-oem"
	OSVersion="#27-Ubuntu SMP PREEMPT_DYNAMIC Mon Nov 20 15:08:14 UTC 2023"
	OSPlatform="x86_64"
	Is64Bits="1"
	VendorString="GenuineIntel"
	VendorID="Intel Corporation"
	FamilyID="6"
	ModelID="186"
	ProcessorCacheSize="24576"
	NumberOfLogicalCPU="20"
	NumberOfPhysicalCPU="14"
	TotalVirtualMemory="2047"
	TotalPhysicalMemory="31700"
	LogicalProcessorsPerPhysical="1"
	ProcessorClockFrequency="3683.3"
	>
	<Testing>
		<StartDateTime>Dec 10 10:13 EST</StartDateTime>
		<StartTestTime>1702221219</StartTestTime>
		<TestList/>
		<EndDateTime>Dec 10 10:13 EST</EndDateTime>
		<EndTestTime>1702221219</EndTestTime>
		<ElapsedMinutes>0</ElapsedMinutes>
	</Testing>
</Site>
